
POST /CMS-toyshop/server/carModels/brand HTTP/1.1
Accept-Encoding: gzip, deflate, zstd
Connection: keep-alive
Content-Length: 27
User-Agent: HTTPie/3.2.2
Accept: application/json, */*;q=0.5
Content-Type: application/json
Host: localhost

{"brand_name": "testBrand"}

HTTP/1.1 200 OK
Date: Thu, 02 Apr 2026 11:07:35 GMT
Server: Apache/2.4.65 (Win64) OpenSSL/3.5.1 PHP/8.2.29
X-Powered-By: PHP/8.2.29
Access-Control-Allow-Origin: *
Access-Control-Allow-Methods: GET, POST, PATCH, DELETE
Access-Control-Allow-Headers: Content-Type
Content-Length: 163
Keep-Alive: timeout=5, max=100
Connection: Keep-Alive
Content-Type: application/json; charset=UTF-8

Array
(
    [0] => 
    [1] => CMS-toyshop
    [2] => server
    [3] => carModels
    [4] => brand
)
{"status":"success","message":" 6 item successfully created."}POST /CMS-toyshop/server/carModels/brand HTTP/1.1
Accept-Encoding: gzip, deflate, zstd
Connection: keep-alive
Content-Length: 29
User-Agent: HTTPie/3.2.2
Accept: application/json, */*;q=0.5
Content-Type: application/json
Host: localhost

{"brand_name": "testBrand/!"}

HTTP/1.1 422 Unprocessable Entity
Date: Thu, 02 Apr 2026 11:12:51 GMT
Server: Apache/2.4.65 (Win64) OpenSSL/3.5.1 PHP/8.2.29
X-Powered-By: PHP/8.2.29
Access-Control-Allow-Origin: *
Access-Control-Allow-Methods: GET, POST, PATCH, DELETE
Access-Control-Allow-Headers: Content-Type
Content-Length: 300
Keep-Alive: timeout=5, max=100
Connection: Keep-Alive
Content-Type: application/json; charset=UTF-8

Array
(
    [0] => 
    [1] => CMS-toyshop
    [2] => server
    [3] => carModels
    [4] => brand
)
{"status":"error","message":"Validation failed.","errors":["brand_name must contain only alphanumeric characters or (,.-)."]}{"status":"success","message":" item with index 0 successfully inserted."}POST /CMS-toyshop/server/carModels/collection HTTP/1.1
Accept-Encoding: gzip, deflate, zstd
Connection: keep-alive
Content-Length: 37
User-Agent: HTTPie/3.2.2
Accept: application/json, */*;q=0.5
Content-Type: application/json
Host: localhost

{"collection_name": "testCollection"}

HTTP/1.1 422 Unprocessable Entity
Date: Thu, 02 Apr 2026 11:13:58 GMT
Server: Apache/2.4.65 (Win64) OpenSSL/3.5.1 PHP/8.2.29
X-Powered-By: PHP/8.2.29
Access-Control-Allow-Origin: *
Access-Control-Allow-Methods: GET, POST, PATCH, DELETE
Access-Control-Allow-Headers: Content-Type
Content-Length: 281
Keep-Alive: timeout=5, max=100
Connection: Keep-Alive
Content-Type: application/json; charset=UTF-8

Array
(
    [0] => 
    [1] => CMS-toyshop
    [2] => server
    [3] => carModels
    [4] => collection
)
{"status":"error","message":"Validation failed.","errors":["Column 'category_name' cannot be null."]}POST /CMS-toyshop/server/carModels/collection HTTP/1.1
Accept-Encoding: gzip, deflate, zstd
Connection: keep-alive
Content-Length: 35
User-Agent: HTTPie/3.2.2
Accept: application/json, */*;q=0.5
Content-Type: application/json
Host: localhost

{"category_name": "testCollection"}

HTTP/1.1 200 OK
Date: Thu, 02 Apr 2026 11:14:24 GMT
Server: Apache/2.4.65 (Win64) OpenSSL/3.5.1 PHP/8.2.29
X-Powered-By: PHP/8.2.29
Access-Control-Allow-Origin: *
Access-Control-Allow-Methods: GET, POST, PATCH, DELETE
Access-Control-Allow-Headers: Content-Type
Content-Length: 180
Keep-Alive: timeout=5, max=100
Connection: Keep-Alive
Content-Type: application/json; charset=UTF-8

Array
(
    [0] => 
    [1] => CMS-toyshop
    [2] => server
    [3] => carModels
    [4] => collection
)
{"status":"success","message":" item with index 2 successfully inserted."}POST /CMS-toyshop/server/carModels/scale HTTP/1.1
Accept-Encoding: gzip, deflate, zstd
Connection: keep-alive
Content-Length: 22
User-Agent: HTTPie/3.2.2
Accept: application/json, */*;q=0.5
Content-Type: application/json
Host: localhost

{"scale_name": "1:32"}

HTTP/1.1 200 OK
Date: Thu, 02 Apr 2026 11:18:52 GMT
Server: Apache/2.4.65 (Win64) OpenSSL/3.5.1 PHP/8.2.29
X-Powered-By: PHP/8.2.29
Access-Control-Allow-Origin: *
Access-Control-Allow-Methods: GET, POST, PATCH, DELETE
Access-Control-Allow-Headers: Content-Type
Content-Length: 175
Keep-Alive: timeout=5, max=100
Connection: Keep-Alive
Content-Type: application/json; charset=UTF-8

Array
(
    [0] => 
    [1] => CMS-toyshop
    [2] => server
    [3] => carModels
    [4] => scale
)
{"status":"success","message":" item with index 2 successfully inserted."}POST /CMS-toyshop/server/carModels/scale HTTP/1.1
Accept-Encoding: gzip, deflate, zstd
Connection: keep-alive
Content-Length: 19
User-Agent: HTTPie/3.2.2
Accept: application/json, */*;q=0.5
Content-Type: application/json
Host: localhost

{"scale_name": "1"}

HTTP/1.1 200 OK
Date: Thu, 02 Apr 2026 11:19:11 GMT
Server: Apache/2.4.65 (Win64) OpenSSL/3.5.1 PHP/8.2.29
X-Powered-By: PHP/8.2.29
Access-Control-Allow-Origin: *
Access-Control-Allow-Methods: GET, POST, PATCH, DELETE
Access-Control-Allow-Headers: Content-Type
Content-Length: 175
Keep-Alive: timeout=5, max=100
Connection: Keep-Alive
Content-Type: application/json; charset=UTF-8

Array
(
    [0] => 
    [1] => CMS-toyshop
    [2] => server
    [3] => carModels
    [4] => scale
)
{"status":"success","message":" item with index 3 successfully inserted."}POST /CMS-toyshop/server/carModels/scale HTTP/1.1
Accept-Encoding: gzip, deflate, zstd
Connection: keep-alive
Content-Length: 22
User-Agent: HTTPie/3.2.2
Accept: application/json, */*;q=0.5
Content-Type: application/json
Host: localhost

{"scale_name": "1?32"}

HTTP/1.1 422 Unprocessable Entity
Date: Thu, 02 Apr 2026 11:19:51 GMT
Server: Apache/2.4.65 (Win64) OpenSSL/3.5.1 PHP/8.2.29
X-Powered-By: PHP/8.2.29
Access-Control-Allow-Origin: *
Access-Control-Allow-Methods: GET, POST, PATCH, DELETE
Access-Control-Allow-Headers: Content-Type
Content-Length: 244
Keep-Alive: timeout=5, max=100
Connection: Keep-Alive
Content-Type: application/json; charset=UTF-8

Array
(
    [0] => 
    [1] => CMS-toyshop
    [2] => server
    [3] => carModels
    [4] => scale
)
{"status":"error","message":"Validation failed.","errors":["scale_name must contain only alphanumeric characters or (,.-)."]}{"status":"error"}POST /CMS-toyshop/server/carModels/model HTTP/1.1
Accept-Encoding: gzip, deflate, zstd
Connection: keep-alive
Content-Length: 126
User-Agent: HTTPie/3.2.2
Accept: application/json, */*;q=0.5
Content-Type: application/json
Host: localhost

{"model_name": "Suzuki Swift", "collection_id": 1, "brand_id": 1, "scale_id": 1, "description": "Suzuki Swift die-cast Model"}

HTTP/1.1 422 Unprocessable Entity
Date: Thu, 02 Apr 2026 11:25:08 GMT
Server: Apache/2.4.65 (Win64) OpenSSL/3.5.1 PHP/8.2.29
X-Powered-By: PHP/8.2.29
Access-Control-Allow-Origin: *
Access-Control-Allow-Methods: GET, POST, PATCH, DELETE
Access-Control-Allow-Headers: Content-Type
Content-Length: 310
Keep-Alive: timeout=5, max=100
Connection: Keep-Alive
Content-Type: application/json; charset=UTF-8

Array
(
    [0] => 
    [1] => CMS-toyshop
    [2] => server
    [3] => carModels
    [4] => model
)
{"status":"error","message":"Validation failed.","errors":["model_name must contain only alphanumeric characters or (,.-).","description must contain only alphanumeric characters or (,.-)."]}{"status":"error"}POST /CMS-toyshop/server/carModels/model HTTP/1.1
Accept-Encoding: gzip, deflate, zstd
Connection: keep-alive
Content-Length: 126
User-Agent: HTTPie/3.2.2
Accept: application/json, */*;q=0.5
Content-Type: application/json
Host: localhost

{"model_name": "Suzuki Swift", "collection_id": 1, "brand_id": 1, "scale_id": 1, "description": "Suzuki Swift die-cast Model"}

HTTP/1.1 200 OK
Date: Thu, 02 Apr 2026 11:28:19 GMT
Server: Apache/2.4.65 (Win64) OpenSSL/3.5.1 PHP/8.2.29
X-Powered-By: PHP/8.2.29
Access-Control-Allow-Origin: *
Access-Control-Allow-Methods: GET, POST, PATCH, DELETE
Access-Control-Allow-Headers: Content-Type
Content-Length: 175
Keep-Alive: timeout=5, max=100
Connection: Keep-Alive
Content-Type: application/json; charset=UTF-8

Array
(
    [0] => 
    [1] => CMS-toyshop
    [2] => server
    [3] => carModels
    [4] => model
)
{"status":"success","message":" item with index 6 successfully inserted."}POST /CMS-toyshop/server/variant HTTP/1.1
----






POST /CMS-toyshop/server/carModels/variant HTTP/1.1
Accept-Encoding: gzip, deflate, zstd
Connection: keep-alive
Content-Length: 151
User-Agent: HTTPie/3.2.2
Accept: application/json, */*;q=0.5
Content-Type: application/json
Host: localhost

{"model_id": 6, "variant": "SS", "sku": "SS-001", "price": 19.99, "stock": 50, "imagepath": "C:/Program Files/Git/images/variants/suzuki-swift-ss.jpg"}

HTTP/1.1 422 Unprocessable Entity
Date: Thu, 02 Apr 2026 11:46:01 GMT
Server: Apache/2.4.65 (Win64) OpenSSL/3.5.1 PHP/8.2.29
X-Powered-By: PHP/8.2.29
Access-Control-Allow-Origin: *
Access-Control-Allow-Methods: GET, POST, PATCH, DELETE
Access-Control-Allow-Headers: Content-Type
Content-Length: 245
Keep-Alive: timeout=5, max=100
Connection: Keep-Alive
Content-Type: application/json; charset=UTF-8

Array
(
    [0] => 
    [1] => CMS-toyshop
    [2] => server
    [3] => carModels
    [4] => variant
)
{"status":"error","message":"Validation failed.","errors":["imagepath must contain only alphanumeric characters or (,.-)."]}{"status":"error"}POST /CMS-toyshop/server/carModels/variant HTTP/1.1
Accept-Encoding: gzip, deflate, zstd
Connection: keep-alive
Content-Length: 102
User-Agent: HTTPie/3.2.2
Accept: application/json, */*;q=0.5
Content-Type: application/json
Host: localhost

{"variant": "Sport", "sku": "SS-001", "price": 19.99, "stock": 50, "imagepath": "suzuki-swift-ss.jpg"}

HTTP/1.1 200 OK
Date: Thu, 02 Apr 2026 11:55:24 GMT
Server: Apache/2.4.65 (Win64) OpenSSL/3.5.1 PHP/8.2.29
X-Powered-By: PHP/8.2.29
Access-Control-Allow-Origin: *
Access-Control-Allow-Methods: GET, POST, PATCH, DELETE
Access-Control-Allow-Headers: Content-Type
Content-Length: 335
Keep-Alive: timeout=5, max=100
Connection: Keep-Alive
Content-Type: application/json; charset=UTF-8

Array
(
    [0] => 
    [1] => CMS-toyshop
    [2] => server
    [3] => carModels
    [4] => variant
)
<br />
<b>Warning</b>:  Undefined array key "model_id" in <b>C:\Program Files\Ampps\www\CMS-toyshop\server\src\VariantGateway.php</b> on line <b>66</b><br />
{"status":"success","message":" item with index 6 successfully inserted."}POST /CMS-toyshop/server/variant HTTP/1.1
Accept-Encoding: gzip, deflate, zstd
Connection: keep-alive
Content-Length: 117
User-Agent: HTTPie/3.2.2
Accept: application/json, */*;q=0.5
Content-Type: application/json
Host: localhost


POST /CMS-toyshop/server/carModels/variant HTTP/1.1
Accept-Encoding: gzip, deflate, zstd
Connection: keep-alive
Content-Length: 120
User-Agent: HTTPie/3.2.2
Accept: application/json, */*;q=0.5
Content-Type: application/json
Host: localhost

{"model_id": 6, "variant": "Sport", "sku": "SS-001", "price": 19.99, "stock": 50, "imagepath": "suzuki-swift-sport.jpg"}

HTTP/1.1 200 OK
Date: Thu, 02 Apr 2026 12:10:37 GMT
Server: Apache/2.4.65 (Win64) OpenSSL/3.5.1 PHP/8.2.29
X-Powered-By: PHP/8.2.29
Access-Control-Allow-Origin: *
Access-Control-Allow-Methods: GET, POST, PATCH, DELETE
Access-Control-Allow-Headers: Content-Type
Content-Length: 177
Keep-Alive: timeout=5, max=100
Connection: Keep-Alive
Content-Type: application/json; charset=UTF-8

Array
(
    [0] => 
    [1] => CMS-toyshop
    [2] => server
    [3] => carModels
    [4] => variant
)
{"status":"success","message":" item with index 8 successfully inserted."}
POST /CMS-toyshop/server/carModels/variant HTTP/1.1
Accept-Encoding: gzip, deflate, zstd
Connection: keep-alive
Content-Length: 142
User-Agent: HTTPie/3.2.2
Accept: application/json, */*;q=0.5
Content-Type: application/json
Host: localhost

{
  "model_id": 6,
  "variant": "Sport2",
  "sku": "SS-002",
  "price": 19.99,
  "stock": 50,
  "imagepath": "suzuki-swift-sport.jpg"
}

HTTP/1.1 500 Internal Server Error
Date: Thu, 02 Apr 2026 12:22:37 GMT
Server: Apache/2.4.65 (Win64) OpenSSL/3.5.1 PHP/8.2.29
X-Powered-By: PHP/8.2.29
Access-Control-Allow-Origin: *
Access-Control-Allow-Methods: GET, POST, PATCH, DELETE
Access-Control-Allow-Headers: Content-Type
Content-Length: 215
Connection: close
Content-Type: application/json; charset=UTF-8

Array
(
    [0] =>
    [1] => CMS-toyshop
    [2] => server
    [3] => carModels
    [4] => variant
)
{"error":"SQLSTATE[23000]: Integrity constraint violation: 1062 Duplicate entry 'SS-002' for key 'variant.sku'"}